<?xml version="1.0" encoding="UTF-8"?>
<testng-results ignored="0" total="1" passed="0" failed="1" skipped="0">
  <reporter-output>
  </reporter-output>
  <suite started-at="2022-07-22T16:15:35 IST" name="Default suite" finished-at="2022-07-22T16:16:17 IST" duration-ms="42236">
    <groups>
    </groups>
    <test started-at="2022-07-22T16:15:35 IST" name="Default test" finished-at="2022-07-22T16:16:17 IST" duration-ms="42236">
      <class name="POM_DDF_TestNG_withmandatory_classes.Flipkart_testclass">
        <test-method is-config="true" signature="openapp()[pri:0, instance:POM_DDF_TestNG_withmandatory_classes.Flipkart_testclass@71def8f8]" started-at="2022-07-22T16:15:35 IST" name="openapp" finished-at="2022-07-22T16:16:02 IST" duration-ms="27135" status="PASS">
          <reporter-output>
          </reporter-output>
        </test-method> <!-- openapp -->
        <test-method is-config="true" signature="loginapp()[pri:0, instance:POM_DDF_TestNG_withmandatory_classes.Flipkart_testclass@71def8f8]" started-at="2022-07-22T16:16:02 IST" name="loginapp" finished-at="2022-07-22T16:16:07 IST" duration-ms="5024" status="PASS">
          <reporter-output>
          </reporter-output>
        </test-method> <!-- loginapp -->
        <test-method signature="verifyUser()[pri:0, instance:POM_DDF_TestNG_withmandatory_classes.Flipkart_testclass@71def8f8]" started-at="2022-07-22T16:16:07 IST" name="verifyUser" finished-at="2022-07-22T16:16:10 IST" duration-ms="2969" status="FAIL">
          <exception class="java.lang.AssertionError">
            <message>
              <![CDATA[Failed: both values are not same expected [Pooja1] but found [Pooja]]]>
            </message>
            <full-stacktrace>
              <![CDATA[java.lang.AssertionError: Failed: both values are not same expected [Pooja1] but found [Pooja]
at org.testng.Assert.fail(Assert.java:99)
at org.testng.Assert.failNotEquals(Assert.java:1037)
at org.testng.Assert.assertEqualsImpl(Assert.java:140)
at org.testng.Assert.assertEquals(Assert.java:122)
at org.testng.Assert.assertEquals(Assert.java:629)
at POM_DDF_TestNG_withmandatory_classes.Flipkart_testclass.verifyUser(Flipkart_testclass.java:53)
at java.base/jdk.internal.reflect.NativeMethodAccessorImpl.invoke0(Native Method)
at java.base/jdk.internal.reflect.NativeMethodAccessorImpl.invoke(NativeMethodAccessorImpl.java:77)
at java.base/jdk.internal.reflect.DelegatingMethodAccessorImpl.invoke(DelegatingMethodAccessorImpl.java:43)
at java.base/java.lang.reflect.Method.invoke(Method.java:568)
at org.testng.internal.MethodInvocationHelper.invokeMethod(MethodInvocationHelper.java:133)
at org.testng.internal.TestInvoker.invokeMethod(TestInvoker.java:598)
at org.testng.internal.TestInvoker.invokeTestMethod(TestInvoker.java:173)
at org.testng.internal.MethodRunner.runInSequence(MethodRunner.java:46)
at org.testng.internal.TestInvoker$MethodInvocationAgent.invoke(TestInvoker.java:824)
at org.testng.internal.TestInvoker.invokeTestMethods(TestInvoker.java:146)
at org.testng.internal.TestMethodWorker.invokeTestMethods(TestMethodWorker.java:146)
at org.testng.internal.TestMethodWorker.run(TestMethodWorker.java:128)
at java.base/java.util.ArrayList.forEach(ArrayList.java:1511)
at org.testng.TestRunner.privateRun(TestRunner.java:794)
at org.testng.TestRunner.run(TestRunner.java:596)
at org.testng.SuiteRunner.runTest(SuiteRunner.java:377)
at org.testng.SuiteRunner.runSequentially(SuiteRunner.java:371)
at org.testng.SuiteRunner.privateRun(SuiteRunner.java:332)
at org.testng.SuiteRunner.run(SuiteRunner.java:276)
at org.testng.SuiteRunnerWorker.runSuite(SuiteRunnerWorker.java:53)
at org.testng.SuiteRunnerWorker.run(SuiteRunnerWorker.java:96)
at org.testng.TestNG.runSuitesSequentially(TestNG.java:1212)
at org.testng.TestNG.runSuitesLocally(TestNG.java:1134)
at org.testng.TestNG.runSuites(TestNG.java:1063)
at org.testng.TestNG.run(TestNG.java:1031)
at org.testng.remote.AbstractRemoteTestNG.run(AbstractRemoteTestNG.java:115)
at org.testng.remote.RemoteTestNG.initAndRun(RemoteTestNG.java:251)
at org.testng.remote.RemoteTestNG.main(RemoteTestNG.java:77)
]]>
            </full-stacktrace>
          </exception> <!-- java.lang.AssertionError -->
          <reporter-output>
          </reporter-output>
        </test-method> <!-- verifyUser -->
        <test-method is-config="true" signature="logoutapp(org.testng.ITestResult)[pri:0, instance:POM_DDF_TestNG_withmandatory_classes.Flipkart_testclass@71def8f8]" started-at="2022-07-22T16:16:10 IST" name="logoutapp" finished-at="2022-07-22T16:16:16 IST" duration-ms="5712" status="PASS">
          <params>
            <param index="0">
              <value>
                <![CDATA[[TestResult name=verifyUser status=FAILURE method=Flipkart_testclass.verifyUser()[pri:0, instance:POM_DDF_TestNG_withmandatory_classes.Flipkart_testclass@71def8f8] output={null}]]]>
              </value>
            </param>
          </params>
          <reporter-output>
          </reporter-output>
        </test-method> <!-- logoutapp -->
        <test-method is-config="true" signature="closeapp()[pri:0, instance:POM_DDF_TestNG_withmandatory_classes.Flipkart_testclass@71def8f8]" started-at="2022-07-22T16:16:16 IST" name="closeapp" finished-at="2022-07-22T16:16:17 IST" duration-ms="1307" status="PASS">
          <reporter-output>
          </reporter-output>
        </test-method> <!-- closeapp -->
      </class> <!-- POM_DDF_TestNG_withmandatory_classes.Flipkart_testclass -->
    </test> <!-- Default test -->
  </suite> <!-- Default suite -->
</testng-results>
